[ 2025-06-18 16:23:13,818 ] 1025 httpx - INFO - HTTP Request: GET https://dagshub.com/api/v1/user "HTTP/1.1 200 OK"
[ 2025-06-18 16:23:13,828 ] 107 dagshub - INFO - Accessing as lolguy699
[ 2025-06-18 16:23:14,335 ] 1025 httpx - INFO - HTTP Request: GET https://dagshub.com/api/v1/repos/lolguy699/End-to-End-Network-Security-Mlops-Pipeline-Project "HTTP/1.1 200 OK"
[ 2025-06-18 16:23:14,961 ] 1025 httpx - INFO - HTTP Request: GET https://dagshub.com/api/v1/user "HTTP/1.1 200 OK"
[ 2025-06-18 16:23:14,966 ] 107 dagshub - INFO - Initialized MLflow to track repo "lolguy699/End-to-End-Network-Security-Mlops-Pipeline-Project"
[ 2025-06-18 16:23:14,967 ] 107 dagshub - INFO - Repository lolguy699/End-to-End-Network-Security-Mlops-Pipeline-Project initialized!
[ 2025-06-18 16:23:15,137 ] 18 root - INFO - Initiated the data ingestion config
[ 2025-06-18 16:23:17,571 ] 68 root - INFO - Performed train test split on the dataframe
[ 2025-06-18 16:23:17,571 ] 70 root - INFO - Exited split_data_as_train_test method of Data_Ingestion class
[ 2025-06-18 16:23:17,571 ] 78 root - INFO - Exporting train and test file path.
[ 2025-06-18 16:23:17,595 ] 84 root - INFO - Exported train and test file path.
[ 2025-06-18 16:23:17,595 ] 22 root - INFO - Data ingestion completed
[ 2025-06-18 16:23:17,598 ] 26 root - INFO - Initiated the data validation config
[ 2025-06-18 16:23:17,606 ] 37 root - INFO - Required number of columns: 2
[ 2025-06-18 16:23:17,607 ] 38 root - INFO - Dataframe has columns:31
[ 2025-06-18 16:23:17,607 ] 37 root - INFO - Required number of columns: 2
[ 2025-06-18 16:23:17,607 ] 38 root - INFO - Dataframe has columns:31
[ 2025-06-18 16:23:17,681 ] 30 root - INFO - Data Validation completed
[ 2025-06-18 16:23:17,681 ] 34 root - INFO - Initiated the data transformation config
[ 2025-06-18 16:23:17,681 ] 61 root - INFO - Entered initiate_data_transformation method of DataTransformtion class 
[ 2025-06-18 16:23:17,681 ] 63 root - INFO - Starting data transformation
[ 2025-06-18 16:23:17,692 ] 45 root - INFO - Entered get_data_transformer_object method of Transformatiion class
[ 2025-06-18 16:23:17,692 ] 51 root - INFO - Initialise KNNImputer with {'missing_values': nan, 'n_neighbors': 3, 'weights': 'uniform'}
[ 2025-06-18 16:23:17,697 ] 45 root - INFO - Entered the save object method of MainUtils class
[ 2025-06-18 16:23:17,698 ] 50 root - INFO - Exited the save_object method of MainUtils class
[ 2025-06-18 16:23:17,698 ] 38 root - INFO - Data Transformation completed
[ 2025-06-18 16:23:17,698 ] 40 root - INFO - Model Training started
