[ 2025-06-19 10:13:24,741 ] 1025 httpx - INFO - HTTP Request: GET https://dagshub.com/api/v1/user "HTTP/1.1 200 OK"
[ 2025-06-19 10:13:24,745 ] 107 dagshub - INFO - Accessing as lolguy699
[ 2025-06-19 10:13:25,348 ] 1025 httpx - INFO - HTTP Request: GET https://dagshub.com/api/v1/repos/lolguy699/End-to-End-Network-Security-Mlops-Pipeline-Project "HTTP/1.1 200 OK"
[ 2025-06-19 10:13:25,938 ] 1025 httpx - INFO - HTTP Request: GET https://dagshub.com/api/v1/user "HTTP/1.1 200 OK"
[ 2025-06-19 10:13:25,940 ] 107 dagshub - INFO - Initialized MLflow to track repo "lolguy699/End-to-End-Network-Security-Mlops-Pipeline-Project"
[ 2025-06-19 10:13:25,941 ] 107 dagshub - INFO - Repository lolguy699/End-to-End-Network-Security-Mlops-Pipeline-Project initialized!
[ 2025-06-19 10:13:25,941 ] 18 root - INFO - Initiated the data ingestion config
[ 2025-06-19 10:13:28,694 ] 68 root - INFO - Performed train test split on the dataframe
[ 2025-06-19 10:13:28,694 ] 70 root - INFO - Exited split_data_as_train_test method of Data_Ingestion class
[ 2025-06-19 10:13:28,694 ] 78 root - INFO - Exporting train and test file path.
[ 2025-06-19 10:13:28,719 ] 84 root - INFO - Exported train and test file path.
[ 2025-06-19 10:13:28,719 ] 22 root - INFO - Data ingestion completed
[ 2025-06-19 10:13:28,722 ] 26 root - INFO - Initiated the data validation config
[ 2025-06-19 10:13:28,732 ] 37 root - INFO - Required number of columns: 2
[ 2025-06-19 10:13:28,732 ] 38 root - INFO - Dataframe has columns:31
[ 2025-06-19 10:13:28,732 ] 37 root - INFO - Required number of columns: 2
[ 2025-06-19 10:13:28,732 ] 38 root - INFO - Dataframe has columns:31
[ 2025-06-19 10:13:28,816 ] 30 root - INFO - Data Validation completed
[ 2025-06-19 10:13:28,816 ] 34 root - INFO - Initiated the data transformation config
[ 2025-06-19 10:13:28,816 ] 61 root - INFO - Entered initiate_data_transformation method of DataTransformtion class 
[ 2025-06-19 10:13:28,816 ] 63 root - INFO - Starting data transformation
[ 2025-06-19 10:13:28,826 ] 45 root - INFO - Entered get_data_transformer_object method of Transformatiion class
[ 2025-06-19 10:13:28,827 ] 51 root - INFO - Initialise KNNImputer with {'missing_values': nan, 'n_neighbors': 3, 'weights': 'uniform'}
[ 2025-06-19 10:13:28,833 ] 45 root - INFO - Entered the save object method of MainUtils class
[ 2025-06-19 10:13:28,834 ] 50 root - INFO - Exited the save_object method of MainUtils class
[ 2025-06-19 10:13:28,834 ] 45 root - INFO - Entered the save object method of MainUtils class
[ 2025-06-19 10:13:28,835 ] 50 root - INFO - Exited the save_object method of MainUtils class
[ 2025-06-19 10:13:28,835 ] 38 root - INFO - Data Transformation completed
[ 2025-06-19 10:13:28,835 ] 40 root - INFO - Model Training started
[ 2025-06-19 10:16:17,156 ] 45 root - INFO - Entered the save object method of MainUtils class
[ 2025-06-19 10:16:17,173 ] 50 root - INFO - Exited the save_object method of MainUtils class
[ 2025-06-19 10:16:17,173 ] 45 root - INFO - Entered the save object method of MainUtils class
[ 2025-06-19 10:16:17,188 ] 50 root - INFO - Exited the save_object method of MainUtils class
[ 2025-06-19 10:16:17,188 ] 126 root - INFO - Model trainer artifact: ModelTrainerArtifact(trained_model_file_path='Artifacts/06_19_2025_10_13_22/model_trainer/trained_model/model.pkl', train_metric_artifact=ClassificationMetricArtifact(f1_score=0.9919142914897918, precision_score=0.9909127625201939, recall_score=0.9929178470254958), test_metric_artifact=ClassificationMetricArtifact(f1_score=0.9743171626579699, precision_score=0.9652665589660743, recall_score=0.9835390946502057))
[ 2025-06-19 10:16:17,188 ] 45 root - INFO - Model training artifact created
