[ 2025-06-18 16:58:07,562 ] 1025 httpx - INFO - HTTP Request: GET https://dagshub.com/api/v1/user "HTTP/1.1 200 OK"
[ 2025-06-18 16:58:07,567 ] 107 dagshub - INFO - Accessing as lolguy699
[ 2025-06-18 16:58:08,174 ] 1025 httpx - INFO - HTTP Request: GET https://dagshub.com/api/v1/repos/lolguy699/End-to-End-Network-Security-Mlops-Pipeline-Project "HTTP/1.1 200 OK"
[ 2025-06-18 16:58:08,729 ] 1025 httpx - INFO - HTTP Request: GET https://dagshub.com/api/v1/user "HTTP/1.1 200 OK"
[ 2025-06-18 16:58:08,733 ] 107 dagshub - INFO - Initialized MLflow to track repo "lolguy699/End-to-End-Network-Security-Mlops-Pipeline-Project"
[ 2025-06-18 16:58:08,736 ] 107 dagshub - INFO - Repository lolguy699/End-to-End-Network-Security-Mlops-Pipeline-Project initialized!
[ 2025-06-18 16:58:08,737 ] 18 root - INFO - Initiated the data ingestion config
[ 2025-06-18 16:58:11,996 ] 68 root - INFO - Performed train test split on the dataframe
[ 2025-06-18 16:58:11,996 ] 70 root - INFO - Exited split_data_as_train_test method of Data_Ingestion class
[ 2025-06-18 16:58:11,997 ] 78 root - INFO - Exporting train and test file path.
[ 2025-06-18 16:58:12,020 ] 84 root - INFO - Exported train and test file path.
[ 2025-06-18 16:58:12,020 ] 22 root - INFO - Data ingestion completed
[ 2025-06-18 16:58:12,023 ] 26 root - INFO - Initiated the data validation config
[ 2025-06-18 16:58:12,031 ] 37 root - INFO - Required number of columns: 2
[ 2025-06-18 16:58:12,031 ] 38 root - INFO - Dataframe has columns:31
[ 2025-06-18 16:58:12,031 ] 37 root - INFO - Required number of columns: 2
[ 2025-06-18 16:58:12,031 ] 38 root - INFO - Dataframe has columns:31
[ 2025-06-18 16:58:12,092 ] 30 root - INFO - Data Validation completed
[ 2025-06-18 16:58:12,093 ] 34 root - INFO - Initiated the data transformation config
[ 2025-06-18 16:58:12,093 ] 61 root - INFO - Entered initiate_data_transformation method of DataTransformtion class 
[ 2025-06-18 16:58:12,093 ] 63 root - INFO - Starting data transformation
[ 2025-06-18 16:58:12,101 ] 45 root - INFO - Entered get_data_transformer_object method of Transformatiion class
[ 2025-06-18 16:58:12,101 ] 51 root - INFO - Initialise KNNImputer with {'missing_values': nan, 'n_neighbors': 3, 'weights': 'uniform'}
[ 2025-06-18 16:58:12,106 ] 45 root - INFO - Entered the save object method of MainUtils class
[ 2025-06-18 16:58:12,107 ] 50 root - INFO - Exited the save_object method of MainUtils class
[ 2025-06-18 16:58:12,107 ] 38 root - INFO - Data Transformation completed
[ 2025-06-18 16:58:12,108 ] 40 root - INFO - Model Training started
