[ 2025-06-18 16:54:50,236 ] 1025 httpx - INFO - HTTP Request: GET https://dagshub.com/api/v1/user "HTTP/1.1 200 OK"
[ 2025-06-18 16:54:50,240 ] 107 dagshub - INFO - Accessing as lolguy699
[ 2025-06-18 16:54:51,039 ] 1025 httpx - INFO - HTTP Request: GET https://dagshub.com/api/v1/repos/lolguy699/End-to-End-Network-Security-Mlops-Pipeline-Project "HTTP/1.1 200 OK"
[ 2025-06-18 16:54:51,595 ] 1025 httpx - INFO - HTTP Request: GET https://dagshub.com/api/v1/user "HTTP/1.1 200 OK"
[ 2025-06-18 16:54:51,596 ] 107 dagshub - INFO - Initialized MLflow to track repo "lolguy699/End-to-End-Network-Security-Mlops-Pipeline-Project"
[ 2025-06-18 16:54:51,597 ] 107 dagshub - INFO - Repository lolguy699/End-to-End-Network-Security-Mlops-Pipeline-Project initialized!
[ 2025-06-18 16:54:51,597 ] 18 root - INFO - Initiated the data ingestion config
[ 2025-06-18 16:54:54,599 ] 68 root - INFO - Performed train test split on the dataframe
[ 2025-06-18 16:54:54,599 ] 70 root - INFO - Exited split_data_as_train_test method of Data_Ingestion class
[ 2025-06-18 16:54:54,599 ] 78 root - INFO - Exporting train and test file path.
[ 2025-06-18 16:54:54,622 ] 84 root - INFO - Exported train and test file path.
[ 2025-06-18 16:54:54,622 ] 22 root - INFO - Data ingestion completed
[ 2025-06-18 16:54:54,625 ] 26 root - INFO - Initiated the data validation config
[ 2025-06-18 16:54:54,634 ] 37 root - INFO - Required number of columns: 2
[ 2025-06-18 16:54:54,634 ] 38 root - INFO - Dataframe has columns:31
[ 2025-06-18 16:54:54,634 ] 37 root - INFO - Required number of columns: 2
[ 2025-06-18 16:54:54,634 ] 38 root - INFO - Dataframe has columns:31
[ 2025-06-18 16:54:54,709 ] 30 root - INFO - Data Validation completed
[ 2025-06-18 16:54:54,709 ] 34 root - INFO - Initiated the data transformation config
[ 2025-06-18 16:54:54,709 ] 61 root - INFO - Entered initiate_data_transformation method of DataTransformtion class 
[ 2025-06-18 16:54:54,709 ] 63 root - INFO - Starting data transformation
[ 2025-06-18 16:54:54,718 ] 45 root - INFO - Entered get_data_transformer_object method of Transformatiion class
[ 2025-06-18 16:54:54,718 ] 51 root - INFO - Initialise KNNImputer with {'missing_values': nan, 'n_neighbors': 3, 'weights': 'uniform'}
[ 2025-06-18 16:54:54,722 ] 45 root - INFO - Entered the save object method of MainUtils class
[ 2025-06-18 16:54:54,723 ] 50 root - INFO - Exited the save_object method of MainUtils class
[ 2025-06-18 16:54:54,723 ] 38 root - INFO - Data Transformation completed
[ 2025-06-18 16:54:54,723 ] 40 root - INFO - Model Training started
