[ 2025-06-19 13:53:55,744 ] 1025 httpx - INFO - HTTP Request: GET https://dagshub.com/api/v1/user "HTTP/1.1 200 OK"
[ 2025-06-19 13:53:55,748 ] 107 dagshub - INFO - Accessing as lolguy699
[ 2025-06-19 13:53:56,486 ] 1025 httpx - INFO - HTTP Request: GET https://dagshub.com/api/v1/repos/lolguy699/End-to-End-Network-Security-Mlops-Pipeline-Project "HTTP/1.1 200 OK"
[ 2025-06-19 13:53:57,197 ] 1025 httpx - INFO - HTTP Request: GET https://dagshub.com/api/v1/user "HTTP/1.1 200 OK"
[ 2025-06-19 13:53:57,198 ] 107 dagshub - INFO - Initialized MLflow to track repo "lolguy699/End-to-End-Network-Security-Mlops-Pipeline-Project"
[ 2025-06-19 13:53:57,199 ] 107 dagshub - INFO - Repository lolguy699/End-to-End-Network-Security-Mlops-Pipeline-Project initialized!
[ 2025-06-19 13:54:09,580 ] 37 root - INFO - Start data Ingestion
[ 2025-06-19 13:54:11,857 ] 68 root - INFO - Performed train test split on the dataframe
[ 2025-06-19 13:54:11,857 ] 70 root - INFO - Exited split_data_as_train_test method of Data_Ingestion class
[ 2025-06-19 13:54:11,857 ] 78 root - INFO - Exporting train and test file path.
[ 2025-06-19 13:54:11,883 ] 84 root - INFO - Exported train and test file path.
[ 2025-06-19 13:54:11,883 ] 40 root - INFO - Data Ingestion completed and artifact: DataIngestionArtifact(trained_file_path='Artifacts/06_19_2025_13_53_53/data_ingestion/ingested/train.csv', test_file_path='Artifacts/06_19_2025_13_53_53/data_ingestion/ingested/test.csv')
[ 2025-06-19 13:54:11,883 ] 49 root - INFO - Start data validation
[ 2025-06-19 13:54:11,896 ] 37 root - INFO - Required number of columns: 2
[ 2025-06-19 13:54:11,896 ] 38 root - INFO - Dataframe has columns:31
[ 2025-06-19 13:54:11,896 ] 37 root - INFO - Required number of columns: 2
[ 2025-06-19 13:54:11,896 ] 38 root - INFO - Dataframe has columns:31
[ 2025-06-19 13:54:11,971 ] 52 root - INFO - Data Validation Completed and artifact: DataValidationArtifact(validation_status=None, valid_train_file_path='Artifacts/06_19_2025_13_53_53/data_ingestion/ingested/train.csv', valid_test_file_path='Artifacts/06_19_2025_13_53_53/data_ingestion/ingested/test.csv', invalid_train_file_path=None, invalid_test_file_path=None, drift_report_file_path='Artifacts/06_19_2025_13_53_53/data_validation/drift_report/report.yaml')
[ 2025-06-19 13:54:11,971 ] 61 root - INFO - Start data transformation
[ 2025-06-19 13:54:11,971 ] 61 root - INFO - Entered initiate_data_transformation method of DataTransformtion class 
[ 2025-06-19 13:54:11,971 ] 63 root - INFO - Starting data transformation
[ 2025-06-19 13:54:11,981 ] 45 root - INFO - Entered get_data_transformer_object method of Transformatiion class
[ 2025-06-19 13:54:11,981 ] 51 root - INFO - Initialise KNNImputer with {'missing_values': nan, 'n_neighbors': 3, 'weights': 'uniform'}
[ 2025-06-19 13:54:11,986 ] 45 root - INFO - Entered the save object method of MainUtils class
[ 2025-06-19 13:54:11,988 ] 50 root - INFO - Exited the save_object method of MainUtils class
[ 2025-06-19 13:54:11,988 ] 45 root - INFO - Entered the save object method of MainUtils class
[ 2025-06-19 13:54:11,992 ] 50 root - INFO - Exited the save_object method of MainUtils class
[ 2025-06-19 13:54:11,992 ] 64 root - INFO - Data transformation Completed and artifact: DataTransformationArtifact(transformed_train_file_path='Artifacts/06_19_2025_13_53_53/data_transformation/transformed/train.npy', transformed_test_file_path='Artifacts/06_19_2025_13_53_53/data_transformation/transformed/test.npy', transformed_object_file_path='Artifacts/06_19_2025_13_53_53/data_transformation/transformed_object/preprocessing.pkl')
[ 2025-06-19 13:54:11,992 ] 74 root - INFO - Start model trainer
[ 2025-06-19 13:57:05,852 ] 45 root - INFO - Entered the save object method of MainUtils class
[ 2025-06-19 13:57:05,880 ] 50 root - INFO - Exited the save_object method of MainUtils class
[ 2025-06-19 13:57:05,880 ] 45 root - INFO - Entered the save object method of MainUtils class
[ 2025-06-19 13:57:05,912 ] 50 root - INFO - Exited the save_object method of MainUtils class
[ 2025-06-19 13:57:05,913 ] 126 root - INFO - Model trainer artifact: ModelTrainerArtifact(trained_model_file_path='Artifacts/06_19_2025_13_53_53/model_trainer/trained_model/model.pkl', train_metric_artifact=ClassificationMetricArtifact(f1_score=0.9910804784107035, precision_score=0.9904781199351702, recall_score=0.9916835699797161), test_metric_artifact=ClassificationMetricArtifact(f1_score=0.9721437222446507, precision_score=0.9632, recall_score=0.9812550937245313))
[ 2025-06-19 13:57:05,913 ] 80 root - INFO -  Model training completed and artifact: ModelTrainerArtifact(trained_model_file_path='Artifacts/06_19_2025_13_53_53/model_trainer/trained_model/model.pkl', train_metric_artifact=ClassificationMetricArtifact(f1_score=0.9910804784107035, precision_score=0.9904781199351702, recall_score=0.9916835699797161), test_metric_artifact=ClassificationMetricArtifact(f1_score=0.9721437222446507, precision_score=0.9632, recall_score=0.9812550937245313))
